2016/04/20 18:19:25 [error] [exception.CHttpException.404] exception 'CHttpException' with message 'Unable to resolve the request "test".' in /opt/lampp/htdocs/travel-site/framework/web/CWebApplication.php:286
Stack trace:
#0 /opt/lampp/htdocs/travel-site/framework/web/CWebApplication.php(141): CWebApplication->runController('test')
#1 /opt/lampp/htdocs/travel-site/framework/base/CApplication.php(180): CWebApplication->processRequest()
#2 /opt/lampp/htdocs/travel-site/index.php(13): CApplication->run()
#3 {main}
REQUEST_URI=/travel-site/index.php/test
---
2016/04/20 18:34:16 [error] [exception.CHttpException.404] exception 'CHttpException' with message 'Unable to resolve the request "test".' in /opt/lampp/htdocs/travel-site/framework/web/CWebApplication.php:286
Stack trace:
#0 /opt/lampp/htdocs/travel-site/framework/web/CWebApplication.php(141): CWebApplication->runController('test')
#1 /opt/lampp/htdocs/travel-site/framework/base/CApplication.php(180): CWebApplication->processRequest()
#2 /opt/lampp/htdocs/travel-site/index.php(13): CApplication->run()
#3 {main}
REQUEST_URI=/travel-site/test
---
2016/04/20 18:47:37 [error] [exception.CException] exception 'CException' with message 'SiteController cannot find the requested view "test".' in /opt/lampp/htdocs/travel-site/framework/web/CController.php:878
Stack trace:
#0 /opt/lampp/htdocs/travel-site/framework/web/CController.php(782): CController->renderPartial('test', NULL, true)
#1 /opt/lampp/htdocs/travel-site/protected/controllers/SiteController.php(36): CController->render('test')
#2 /opt/lampp/htdocs/travel-site/framework/web/actions/CInlineAction.php(49): SiteController->actionTest()
#3 /opt/lampp/htdocs/travel-site/framework/web/CController.php(308): CInlineAction->runWithParams(Array)
#4 /opt/lampp/htdocs/travel-site/framework/web/CController.php(286): CController->runAction(Object(CInlineAction))
#5 /opt/lampp/htdocs/travel-site/framework/web/CController.php(265): CController->runActionWithFilters(Object(CInlineAction), Array)
#6 /opt/lampp/htdocs/travel-site/framework/web/CWebApplication.php(282): CController->run('test')
#7 /opt/lampp/htdocs/travel-site/framework/web/CWebApplication.php(141): CWebApplication->runController('site/test')
#8 /opt/lampp/htdocs/travel-site/framework/base/CApplication.php(180): CWebApplication->processRequest()
#9 /opt/lampp/htdocs/travel-site/index.php(13): CApplication->run()
#10 {main}
REQUEST_URI=/travel-site/test
---
2016/04/20 18:47:53 [error] [exception.CHttpException.404] exception 'CHttpException' with message 'The system is unable to find the requested action "test".' in /opt/lampp/htdocs/travel-site/framework/web/CController.php:483
Stack trace:
#0 /opt/lampp/htdocs/travel-site/framework/web/CController.php(270): CController->missingAction('test')
#1 /opt/lampp/htdocs/travel-site/framework/web/CWebApplication.php(282): CController->run('test')
#2 /opt/lampp/htdocs/travel-site/framework/web/CWebApplication.php(141): CWebApplication->runController('site/test')
#3 /opt/lampp/htdocs/travel-site/framework/base/CApplication.php(180): CWebApplication->processRequest()
#4 /opt/lampp/htdocs/travel-site/index.php(13): CApplication->run()
#5 {main}
REQUEST_URI=/travel-site/test
---
2016/04/20 18:48:31 [error] [php] Object of class CClientScript could not be converted to string (/opt/lampp/htdocs/travel-site/protected/controllers/SiteController.php:30)
Stack trace:
#0 /opt/lampp/htdocs/travel-site/framework/web/CController.php(286): SiteController->runAction()
#1 /opt/lampp/htdocs/travel-site/framework/web/CController.php(265): SiteController->runActionWithFilters()
#2 /opt/lampp/htdocs/travel-site/framework/web/CWebApplication.php(282): SiteController->run()
#3 /opt/lampp/htdocs/travel-site/framework/web/CWebApplication.php(141): CWebApplication->runController()
#4 /opt/lampp/htdocs/travel-site/framework/base/CApplication.php(180): CWebApplication->processRequest()
#5 /opt/lampp/htdocs/travel-site/index.php(13): CWebApplication->run()
REQUEST_URI=/travel-site/
in /opt/lampp/htdocs/travel-site/protected/controllers/SiteController.php (30)
in /opt/lampp/htdocs/travel-site/index.php (13)
